<?xml version="1.0" encoding="UTF-8"?>
<testng-results ignored="0" total="2" passed="2" failed="0" skipped="0">
  <reporter-output>
  </reporter-output>
  <suite started-at="2023-05-05T20:04:13 IST" name="Suite" finished-at="2023-05-05T20:04:26 IST" duration-ms="12542">
    <groups>
    </groups>
    <test started-at="2023-05-05T20:04:13 IST" name="Test" finished-at="2023-05-05T20:04:26 IST" duration-ms="12542">
      <class name="testcase.myReadExcelDataIntoTC2">
        <test-method is-config="true" signature="setUp()[pri:0, instance:testcase.myReadExcelDataIntoTC2@5824a83d]" started-at="2023-05-05T20:04:14 IST" name="setUp" finished-at="2023-05-05T20:04:19 IST" duration-ms="4713" status="PASS">
          <reporter-output>
          </reporter-output>
        </test-method> <!-- setUp -->
        <test-method signature="UserLoginTest(java.lang.String,java.lang.String)[pri:0, instance:testcase.myReadExcelDataIntoTC2@5824a83d]" started-at="2023-05-05T20:04:19 IST" name="UserLoginTest" data-provider="myexceldata" finished-at="2023-05-05T20:04:20 IST" duration-ms="1092" status="PASS">
          <params>
            <param index="0">
              <value>
                <![CDATA[psameer.1995@gmail.com]]>
              </value>
            </param>
            <param index="1">
              <value>
                <![CDATA[9553583547]]>
              </value>
            </param>
          </params>
          <reporter-output>
          </reporter-output>
        </test-method> <!-- UserLoginTest -->
        <test-method is-config="true" signature="tearDown()[pri:0, instance:testcase.myReadExcelDataIntoTC2@5824a83d]" started-at="2023-05-05T20:04:20 IST" name="tearDown" finished-at="2023-05-05T20:04:20 IST" duration-ms="82" status="PASS">
          <reporter-output>
          </reporter-output>
        </test-method> <!-- tearDown -->
        <test-method is-config="true" signature="setUp()[pri:0, instance:testcase.myReadExcelDataIntoTC2@5824a83d]" started-at="2023-05-05T20:04:20 IST" name="setUp" finished-at="2023-05-05T20:04:24 IST" duration-ms="4284" status="PASS">
          <reporter-output>
          </reporter-output>
        </test-method> <!-- setUp -->
        <test-method signature="UserLoginTest(java.lang.String,java.lang.String)[pri:0, instance:testcase.myReadExcelDataIntoTC2@5824a83d]" started-at="2023-05-05T20:04:24 IST" name="UserLoginTest" data-provider="myexceldata" finished-at="2023-05-05T20:04:26 IST" duration-ms="1149" status="PASS">
          <params>
            <param index="0">
              <value>
                <![CDATA[psameer.1995@gmail.com]]>
              </value>
            </param>
            <param index="1">
              <value>
                <![CDATA[9553583547]]>
              </value>
            </param>
          </params>
          <reporter-output>
          </reporter-output>
        </test-method> <!-- UserLoginTest -->
        <test-method is-config="true" signature="tearDown()[pri:0, instance:testcase.myReadExcelDataIntoTC2@5824a83d]" started-at="2023-05-05T20:04:26 IST" name="tearDown" finished-at="2023-05-05T20:04:26 IST" duration-ms="79" status="PASS">
          <reporter-output>
          </reporter-output>
        </test-method> <!-- tearDown -->
      </class> <!-- testcase.myReadExcelDataIntoTC2 -->
    </test> <!-- Test -->
  </suite> <!-- Suite -->
</testng-results>
